[2025-12-10 09:53:00] (LOG) NOTIFICACAO E-MAIL: Documento 10 para Matheus Cabral (analisededados1@comercialsouzaatacado.com.br). Status: SUCESSO
[2025-12-10 09:53:00] (LOG) Notificação de Etapa 1 enviada para o autor (analisededados1@comercialsouzaatacado.com.br).
[2025-12-10 09:54:28] (LOG) NOTIFICACAO E-MAIL: Documento 10 para Jefferson Carvalho (analisededados2@comercialsouzaatacado.com.br). Status: SUCESSO
[2025-12-10 10:27:14] (LOG) NOTIFICACAO E-MAIL: Documento 11 para Matheus Cabral (analisededados1@comercialsouzaatacado.com.br). Status: SUCESSO
[2025-12-10 10:27:14] (LOG) Notificação de Etapa 1 enviada para o autor (analisededados1@comercialsouzaatacado.com.br).
[2025-12-10 10:30:56] (LOG) NOTIFICACAO E-MAIL: Documento 12 para Matheus Cabral (analisededados1@comercialsouzaatacado.com.br). Status: SUCESSO
[2025-12-10 10:30:56] (LOG) Notificação de Etapa 1 enviada para o autor (analisededados1@comercialsouzaatacado.com.br).
[2025-12-10 10:31:29] (LOG) NOTIFICACAO E-MAIL: Documento 12 para Jefferson Carvalho (analisededados2@comercialsouzaatacado.com.br). Status: SUCESSO
[2025-12-10 12:00:35] (LOG) NOTIFICACAO E-MAIL: Documento 13 para Jefferson Carvalho (ti1@comercialsouzaatacado.com.br). Status: SUCESSO
[2025-12-10 12:00:35] (LOG) Notificação de Etapa 1 enviada para o autor (ti1@comercialsouzaatacado.com.br).
[2025-12-10 12:01:02] (LOG) NOTIFICACAO E-MAIL: Documento 13 para Matheus Cabral (analisededados1@comercialsouzaatacado.com.br). Status: SUCESSO
[2025-12-10 12:13:49] (LOG) NOTIFICACAO E-MAIL: Documento 15 para Jefferson Carvalho (ti1@comercialsouzaatacado.com.br). Status: SUCESSO
[2025-12-10 12:13:49] (LOG) Notificação de Etapa 1 enviada para o autor (ti1@comercialsouzaatacado.com.br).
[2025-12-10 12:14:07] (LOG) NOTIFICACAO E-MAIL: Documento 16 para Jefferson Carvalho (ti1@comercialsouzaatacado.com.br). Status: SUCESSO
[2025-12-10 12:14:07] (LOG) Notificação de Etapa 1 enviada para o autor (ti1@comercialsouzaatacado.com.br).
[2025-12-10 12:14:18] (LOG) NOTIFICACAO E-MAIL: Documento 16 para Jefferson Carvalho (ti1@comercialsouzaatacado.com.br). Status: SUCESSO
[2025-12-10 12:14:42] (LOG) NOTIFICACAO E-MAIL: Documento 14 para Jefferson Carvalho (ti1@comercialsouzaatacado.com.br). Status: SUCESSO
[2025-12-10 12:14:56] (LOG) NOTIFICACAO E-MAIL: Documento 15 para Jefferson Carvalho (ti1@comercialsouzaatacado.com.br). Status: SUCESSO
[2025-12-10 12:15:47] (LOG) NOTIFICACAO E-MAIL: Documento 17 para Matheus Cabral (analisededados1@comercialsouzaatacado.com.br). Status: SUCESSO
[2025-12-10 12:15:47] (LOG) Notificação de Etapa 1 enviada para o autor (analisededados1@comercialsouzaatacado.com.br).
[2025-12-10 12:15:57] (LOG) NOTIFICACAO E-MAIL: Documento 17 para Jefferson Carvalho (ti1@comercialsouzaatacado.com.br). Status: SUCESSO
[2025-12-10 12:16:31] (LOG) NOTIFICACAO REJEIÇÃO: Documento 17 enviado para o autor (analisededados1@comercialsouzaatacado.com.br). Status: SUCESSO
[2025-12-10 12:27:58] (LOG) NOTIFICACAO E-MAIL: Documento 18 para Matheus Cabral (analisededados1@comercialsouzaatacado.com.br). Status: SUCESSO
[2025-12-10 12:27:58] (LOG) Notificação de Etapa 1 enviada para o autor (analisededados1@comercialsouzaatacado.com.br).
[2025-12-10 12:28:16] (LOG) NOTIFICACAO E-MAIL: Documento 18 para Jefferson Carvalho (ti1@comercialsouzaatacado.com.br). Status: SUCESSO
[2025-12-10 12:29:02] (LOG) NOTIFICACAO REJEIÇÃO: Documento 18 enviado para o autor (analisededados1@comercialsouzaatacado.com.br). Status: SUCESSO
[2025-12-10 12:47:17] (LOG) NOTIFICACAO E-MAIL: Documento 19 para Matheus Cabral (analisededados1@comercialsouzaatacado.com.br). Status: SUCESSO
[2025-12-10 12:47:17] (LOG) Notificação de Etapa 1 enviada para o autor (analisededados1@comercialsouzaatacado.com.br).
[2025-12-10 12:49:19] (LOG) NOTIFICACAO E-MAIL: Documento 19 para Jefferson Carvalho (ti1@comercialsouzaatacado.com.br). Status: SUCESSO
[2025-12-10 12:50:31] (LOG) NOTIFICACAO REJEIÇÃO: Documento 19 enviado para o autor (analisededados1@comercialsouzaatacado.com.br). Status: SUCESSO
[2025-12-10 13:00:35] (LOG) NOTIFICACAO E-MAIL: Documento 20 para Matheus Cabral (analisededados1@comercialsouzaatacado.com.br). Status: SUCESSO
[2025-12-10 13:00:35] (LOG) Notificação de Etapa 1 enviada para o autor (analisededados1@comercialsouzaatacado.com.br).
[2025-12-10 13:00:50] (LOG) NOTIFICACAO REJEIÇÃO: Documento 20 enviado para o autor (analisededados1@comercialsouzaatacado.com.br). Status: SUCESSO
[2025-12-10 14:57:01] (LOG) NOTIFICACAO E-MAIL: Documento 21 para Matheus Cabral (analisededados1@comercialsouzaatacado.com.br). Status: SUCESSO
[2025-12-10 14:57:01] (LOG) Notificação de Etapa 1 enviada para o autor (analisededados1@comercialsouzaatacado.com.br).
[2025-12-10 14:57:12] (LOG) NOTIFICACAO E-MAIL: Documento 21 para Jefferson Carvalho (ti1@comercialsouzaatacado.com.br). Status: SUCESSO
[2025-12-10 15:05:11] (LOG) NOTIFICACAO E-MAIL: Documento 22 para Jefferson Carvalho (ti1@comercialsouzaatacado.com.br). Status: SUCESSO
[2025-12-10 15:05:11] (LOG) Notificação de Etapa 1 enviada para o autor (ti1@comercialsouzaatacado.com.br).
[2025-12-10 15:08:11] (LOG) NOTIFICACAO E-MAIL: Documento 23 para Jefferson Carvalho (ti1@comercialsouzaatacado.com.br). Status: SUCESSO
[2025-12-10 15:08:11] (LOG) Notificação de Etapa 1 enviada para o autor (ti1@comercialsouzaatacado.com.br).
[2025-12-10 15:13:01] (LOG) NOTIFICACAO E-MAIL: Documento 24 para Jefferson Carvalho (ti1@comercialsouzaatacado.com.br). Status: SUCESSO
[2025-12-10 15:13:01] (LOG) Notificação de Etapa 1 enviada para o autor (ti1@comercialsouzaatacado.com.br).
[2025-12-10 15:13:15] (LOG) NOTIFICACAO REJEIÇÃO: Documento 22 enviado para o autor (ti1@comercialsouzaatacado.com.br). Status: SUCESSO
[2025-12-10 15:13:25] (LOG) NOTIFICACAO REJEIÇÃO: Documento 23 enviado para o autor (ti1@comercialsouzaatacado.com.br). Status: SUCESSO
[2025-12-10 15:13:44] (LOG) NOTIFICACAO E-MAIL: Documento 24 para Jefferson Carvalho (ti1@comercialsouzaatacado.com.br). Status: SUCESSO
[2025-12-10 15:14:12] (LOG) NOTIFICACAO REJEIÇÃO: Documento 24 enviado para o autor (ti1@comercialsouzaatacado.com.br). Status: SUCESSO
[2025-12-10 15:14:35] (LOG) NOTIFICACAO E-MAIL: Documento 25 para Jefferson Carvalho (ti1@comercialsouzaatacado.com.br). Status: SUCESSO
[2025-12-10 15:14:35] (LOG) Notificação de Etapa 1 enviada para o autor (ti1@comercialsouzaatacado.com.br).
[2025-12-10 15:15:48] (LOG) NOTIFICACAO E-MAIL: Documento 26 para Jefferson Carvalho (ti1@comercialsouzaatacado.com.br). Status: SUCESSO
[2025-12-10 15:15:48] (LOG) Notificação de Etapa 1 enviada para o autor (ti1@comercialsouzaatacado.com.br).
[2025-12-10 15:18:58] (LOG) NOTIFICACAO E-MAIL: Documento 27 para Jefferson Carvalho (ti1@comercialsouzaatacado.com.br). Status: SUCESSO
[2025-12-10 15:18:58] (LOG) Notificação de Etapa 1 enviada para o autor (ti1@comercialsouzaatacado.com.br).
[2025-12-10 15:19:38] (LOG) NOTIFICACAO REJEIÇÃO: Documento 25 enviado para o autor (ti1@comercialsouzaatacado.com.br). Status: SUCESSO
[2025-12-10 15:19:46] (LOG) NOTIFICACAO REJEIÇÃO: Documento 26 enviado para o autor (ti1@comercialsouzaatacado.com.br). Status: SUCESSO
[2025-12-10 15:19:56] (LOG) NOTIFICACAO REJEIÇÃO: Documento 27 enviado para o autor (ti1@comercialsouzaatacado.com.br). Status: SUCESSO
[2025-12-10 15:20:12] (LOG) NOTIFICACAO E-MAIL: Documento 28 para Jefferson Carvalho (ti1@comercialsouzaatacado.com.br). Status: SUCESSO
[2025-12-10 15:20:12] (LOG) Notificação de Etapa 1 enviada para o autor (ti1@comercialsouzaatacado.com.br).
[2025-12-10 15:20:43] (LOG) NOTIFICACAO E-MAIL: Documento 29 para Jefferson Carvalho (ti1@comercialsouzaatacado.com.br). Status: SUCESSO
[2025-12-10 15:20:43] (LOG) Notificação de Etapa 1 enviada para o autor (ti1@comercialsouzaatacado.com.br).
[2025-12-10 15:21:02] (LOG) NOTIFICACAO REJEIÇÃO: Documento 28 enviado para o autor (ti1@comercialsouzaatacado.com.br). Status: SUCESSO
[2025-12-10 15:21:15] (LOG) NOTIFICACAO REJEIÇÃO: Documento 29 enviado para o autor (ti1@comercialsouzaatacado.com.br). Status: SUCESSO
[2025-12-10 15:22:06] (LOG) NOTIFICACAO E-MAIL: Documento 30 para Jefferson Carvalho (ti1@comercialsouzaatacado.com.br). Status: SUCESSO
[2025-12-10 15:22:06] (LOG) Notificação de Etapa 1 enviada para o autor (ti1@comercialsouzaatacado.com.br).
[2025-12-10 15:22:44] (LOG) NOTIFICACAO E-MAIL: Documento 30 para Matheus Cabral (analisededados1@comercialsouzaatacado.com.br). Status: SUCESSO
[2025-12-10 15:23:06] (LOG) NOTIFICACAO E-MAIL: Documento 31 para Jefferson Carvalho (ti1@comercialsouzaatacado.com.br). Status: SUCESSO
[2025-12-10 15:23:06] (LOG) Notificação de Etapa 1 enviada para o autor (ti1@comercialsouzaatacado.com.br).
[2025-12-10 15:23:31] (LOG) NOTIFICACAO E-MAIL: Documento 31 para Jefferson Carvalho (ti1@comercialsouzaatacado.com.br). Status: SUCESSO
[2025-12-10 15:26:00] (LOG) NOTIFICACAO E-MAIL: Documento 32 para Matheus Cabral (analisededados1@comercialsouzaatacado.com.br). Status: SUCESSO
[2025-12-10 15:26:00] (LOG) Notificação de Etapa 1 enviada para o autor (analisededados1@comercialsouzaatacado.com.br).
[2025-12-10 15:26:08] (LOG) NOTIFICACAO E-MAIL: Documento 32 para Matheus Cabral (analisededados1@comercialsouzaatacado.com.br). Status: SUCESSO
[2025-12-15 09:40:03] (LOG) NOTIFICACAO E-MAIL: Documento 1 para Matheus Cabral (analisededados1@comercialsouzaatacado.com.br). Status: SUCESSO
[2025-12-15 09:40:03] (LOG) Notificação de Etapa 1 enviada para o autor (analisededados1@comercialsouzaatacado.com.br).
[2025-12-15 09:40:29] (LOG) NOTIFICACAO E-MAIL: Documento 1 para Jefferson Carvalho (ti1@comercialsouzaatacado.com.br). Status: SUCESSO
[2025-12-15 09:41:54] (LOG) NOTIFICACAO REJEIÇÃO: Documento 1 enviado para o autor (analisededados1@comercialsouzaatacado.com.br). Status: SUCESSO
[2025-12-15 10:27:14] (LOG) NOTIFICACAO E-MAIL: Documento 2 para Jefferson Carvalho (ti1@comercialsouzaatacado.com.br). Status: SUCESSO
[2025-12-15 10:27:14] (LOG) Notificação de Etapa 1 enviada para o autor (ti1@comercialsouzaatacado.com.br).
[2025-12-15 10:27:30] (LOG) NOTIFICACAO E-MAIL: Documento 2 para Jefferson Carvalho (ti1@comercialsouzaatacado.com.br). Status: SUCESSO
[2025-12-15 10:45:41] (LOG) NOTIFICACAO E-MAIL: Documento 3 para Jefferson Carvalho (ti1@comercialsouzaatacado.com.br). Status: SUCESSO
[2025-12-15 10:45:41] (LOG) Notificação de Etapa 1 enviada para o autor (ti1@comercialsouzaatacado.com.br).
[2025-12-15 10:46:01] (LOG) NOTIFICACAO E-MAIL: Documento 3 para Matheus Cabral (analisededados1@comercialsouzaatacado.com.br). Status: SUCESSO
[2025-12-15 11:28:27] (LOG) NOTIFICACAO E-MAIL: Documento 4 para Matheus Cabral (analisededados1@comercialsouzaatacado.com.br). Status: SUCESSO
[2025-12-15 11:28:27] (LOG) Notificação de Etapa 1 enviada para o autor (analisededados1@comercialsouzaatacado.com.br).
[2025-12-15 11:28:37] (LOG) NOTIFICACAO E-MAIL: Documento 4 para Jefferson Carvalho (ti1@comercialsouzaatacado.com.br). Status: SUCESSO
[2025-12-15 11:29:12] (LOG) NOTIFICACAO REJEIÇÃO: Documento 4 enviado para o autor (analisededados1@comercialsouzaatacado.com.br). Status: SUCESSO
[2025-12-17 09:19:33] (LOG) NOTIFICACAO E-MAIL: Documento 5 para Matheus Cabral (analisededados1@comercialsouzaatacado.com.br). Status: SUCESSO
[2025-12-17 09:19:33] (LOG) Notificação de Etapa 1 enviada para o autor (analisededados1@comercialsouzaatacado.com.br).
[2025-12-17 09:23:08] (LOG) NOTIFICACAO E-MAIL: Documento 5 para Alex Cunha (facilities@comercialsouzaatacado.com.br). Status: SUCESSO
[2025-12-17 18:26:50] (LOG) NOTIFICACAO E-MAIL: Documento 6 para Alex Cunha (facilities@comercialsouzaatacado.com.br). Status: SUCESSO
[2025-12-17 18:26:50] (LOG) Notificação de Etapa 1 enviada para o autor (facilities@comercialsouzaatacado.com.br).
[2025-12-17 18:28:25] (LOG) NOTIFICACAO E-MAIL: Documento 6 para Matheus Cabral (analisededados1@comercialsouzaatacado.com.br). Status: SUCESSO
[2025-12-18 08:49:10] (LOG) NOTIFICACAO E-MAIL: Documento 6 para Alex Cunha (facilities@comercialsouzaatacado.com.br). Status: SUCESSO
[2026-02-05 09:07:06] (LOG) NOTIFICACAO E-MAIL: Documento 7 para Matheus Cabral (analisededados1@comercialsouzaatacado.com.br). Status: SUCESSO
[2026-02-05 09:07:06] (LOG) Notificação de Etapa 1 enviada para o autor (analisededados1@comercialsouzaatacado.com.br).
[2026-02-05 11:36:39] (LOG) NOTIFICACAO E-MAIL: Documento 2 para Alex Cunha (facilities@comercialsouzaatacado.com.br). Status: SUCESSO
[2026-02-05 16:57:51] (LOG) NOTIFICACAO E-MAIL: Doc 2 para Departamento Responsável. Status: SUCESSO
[2026-02-05 17:01:31] (LOG) NOTIFICACAO E-MAIL: Doc 1 para Departamento Responsável. Status: SUCESSO
[2026-02-05 17:03:28] (LOG) NOTIFICACAO E-MAIL: Doc 3 para Departamento Responsável. Status: SUCESSO
[2026-02-05 17:17:52] (LOG) NOTIFICACAO E-MAIL: Doc 4 para Departamento Responsável. Status: SUCESSO
[2026-02-05 17:36:11] (LOG) NOTIFICACAO E-MAIL: Doc 5 para Departamento Responsável. Status: SUCESSO
